2021-09-18 10:40:47.131 [main] INFO  com.yt.meituan.TestAutoGenerator - Starting TestAutoGenerator using Java 1.8.0_102 on DESKTOP-AIPF3S5 with PID 10904 (started by YoDc in H:\cloud-Meituan\meituan)
2021-09-18 10:40:47.133 [main] INFO  com.yt.meituan.TestAutoGenerator - The following profiles are active: dev
2021-09-18 10:40:52.399 [main] INFO  com.yt.meituan.TestAutoGenerator - Started TestAutoGenerator in 6.306 seconds (JVM running for 9.286)
2021-09-18 10:46:29.853 [main] INFO  com.yt.meituan.TestAutoGenerator - Starting TestAutoGenerator using Java 1.8.0_102 on DESKTOP-AIPF3S5 with PID 14368 (started by YoDc in H:\cloud-Meituan\meituan)
2021-09-18 10:46:29.855 [main] INFO  com.yt.meituan.TestAutoGenerator - The following profiles are active: dev
2021-09-18 10:46:32.562 [main] INFO  com.yt.meituan.TestAutoGenerator - Started TestAutoGenerator in 3.283 seconds (JVM running for 4.274)
2021-09-18 10:46:56.872 [main] INFO  com.yt.meituan.TestAutoGenerator - Starting TestAutoGenerator using Java 1.8.0_102 on DESKTOP-AIPF3S5 with PID 10276 (started by YoDc in H:\cloud-Meituan\meituan)
2021-09-18 10:46:56.874 [main] INFO  com.yt.meituan.TestAutoGenerator - The following profiles are active: dev
2021-09-18 10:46:59.134 [main] INFO  com.yt.meituan.TestAutoGenerator - Started TestAutoGenerator in 2.794 seconds (JVM running for 3.748)
2021-09-18 10:48:51.520 [main] INFO  com.yt.meituan.TestAutoGenerator - Starting TestAutoGenerator using Java 1.8.0_102 on DESKTOP-AIPF3S5 with PID 15568 (started by YoDc in H:\cloud-Meituan\meituan)
2021-09-18 10:48:51.522 [main] INFO  com.yt.meituan.TestAutoGenerator - The following profiles are active: dev
2021-09-18 10:48:53.542 [main] INFO  com.yt.meituan.TestAutoGenerator - Started TestAutoGenerator in 2.516 seconds (JVM running for 3.533)
2021-09-18 10:55:16.035 [main] INFO  com.yt.meituan.TestAutoGenerator - Starting TestAutoGenerator using Java 1.8.0_102 on DESKTOP-AIPF3S5 with PID 10176 (started by YoDc in H:\cloud-Meituan\meituan)
2021-09-18 10:55:16.038 [main] INFO  com.yt.meituan.TestAutoGenerator - The following profiles are active: dev
2021-09-18 10:55:18.346 [main] INFO  com.yt.meituan.TestAutoGenerator - Started TestAutoGenerator in 2.855 seconds (JVM running for 3.817)
2021-09-18 10:58:09.275 [main] INFO  com.yt.meituan.TestAutoGenerator - Starting TestAutoGenerator using Java 1.8.0_102 on DESKTOP-AIPF3S5 with PID 8472 (started by YoDc in H:\cloud-Meituan\meituan)
2021-09-18 10:58:09.277 [main] INFO  com.yt.meituan.TestAutoGenerator - The following profiles are active: dev
2021-09-18 10:58:11.436 [main] INFO  com.yt.meituan.TestAutoGenerator - Started TestAutoGenerator in 2.686 seconds (JVM running for 3.823)
2021-09-18 11:09:00.009 [main] INFO  com.yt.meituan.TestAutoGenerator - Starting TestAutoGenerator using Java 1.8.0_102 on DESKTOP-AIPF3S5 with PID 13824 (started by YoDc in H:\cloud-Meituan\meituan)
2021-09-18 11:09:00.022 [main] INFO  com.yt.meituan.TestAutoGenerator - The following profiles are active: dev
2021-09-18 11:09:02.433 [main] INFO  com.yt.meituan.TestAutoGenerator - Started TestAutoGenerator in 2.909 seconds (JVM running for 4.052)
2021-09-18 11:09:18.637 [main] INFO  com.yt.meituan.TestAutoGenerator - Starting TestAutoGenerator using Java 1.8.0_102 on DESKTOP-AIPF3S5 with PID 3172 (started by YoDc in H:\cloud-Meituan\meituan)
2021-09-18 11:09:18.639 [main] INFO  com.yt.meituan.TestAutoGenerator - The following profiles are active: dev
2021-09-18 11:09:21.359 [main] INFO  com.yt.meituan.TestAutoGenerator - Started TestAutoGenerator in 3.294 seconds (JVM running for 4.495)
2021-09-18 11:09:40.655 [main] INFO  com.yt.meituan.TestAutoGenerator - Starting TestAutoGenerator using Java 1.8.0_102 on DESKTOP-AIPF3S5 with PID 12044 (started by YoDc in H:\cloud-Meituan\meituan)
2021-09-18 11:09:40.657 [main] INFO  com.yt.meituan.TestAutoGenerator - The following profiles are active: dev
2021-09-18 11:09:43.243 [main] INFO  com.yt.meituan.TestAutoGenerator - Started TestAutoGenerator in 3.189 seconds (JVM running for 4.402)
2021-09-18 11:10:01.523 [main] INFO  com.yt.meituan.TestAutoGenerator - Starting TestAutoGenerator using Java 1.8.0_102 on DESKTOP-AIPF3S5 with PID 7936 (started by YoDc in H:\cloud-Meituan\meituan)
2021-09-18 11:10:01.525 [main] INFO  com.yt.meituan.TestAutoGenerator - The following profiles are active: dev
2021-09-18 11:10:03.802 [main] INFO  com.yt.meituan.TestAutoGenerator - Started TestAutoGenerator in 2.808 seconds (JVM running for 3.82)
2021-09-18 11:13:09.500 [main] INFO  com.yt.meituan.TestAutoGenerator - Starting TestAutoGenerator using Java 1.8.0_102 on DESKTOP-AIPF3S5 with PID 13692 (started by YoDc in H:\cloud-Meituan\meituan)
2021-09-18 11:13:09.502 [main] INFO  com.yt.meituan.TestAutoGenerator - The following profiles are active: dev
2021-09-18 11:13:12.058 [main] INFO  com.yt.meituan.TestAutoGenerator - Started TestAutoGenerator in 3.09 seconds (JVM running for 4.145)
2021-09-18 11:13:28.730 [main] INFO  com.yt.meituan.TestAutoGenerator - Starting TestAutoGenerator using Java 1.8.0_102 on DESKTOP-AIPF3S5 with PID 15540 (started by YoDc in H:\cloud-Meituan\meituan)
2021-09-18 11:13:28.732 [main] INFO  com.yt.meituan.TestAutoGenerator - The following profiles are active: dev
2021-09-18 11:13:31.067 [main] INFO  com.yt.meituan.TestAutoGenerator - Started TestAutoGenerator in 2.877 seconds (JVM running for 3.84)
2021-09-18 11:33:06.205 [restartedMain] INFO  com.yt.meituan.MeituanApplication - Starting MeituanApplication using Java 1.8.0_102 on DESKTOP-AIPF3S5 with PID 13564 (H:\cloud-Meituan\meituan\target\classes started by YoDc in H:\cloud-Meituan\meituan)
2021-09-18 11:33:06.270 [restartedMain] INFO  com.yt.meituan.MeituanApplication - The following profiles are active: dev
2021-09-18 11:33:06.476 [restartedMain] INFO  o.s.b.d.env.DevToolsPropertyDefaultsPostProcessor - Devtools property defaults active! Set 'spring.devtools.add-properties' to 'false' to disable
2021-09-18 11:33:06.476 [restartedMain] INFO  o.s.b.d.env.DevToolsPropertyDefaultsPostProcessor - For additional web related logging consider setting the 'logging.level.web' property to 'DEBUG'
2021-09-18 11:33:08.274 [restartedMain] INFO  o.s.d.r.config.RepositoryConfigurationDelegate - Multiple Spring Data modules found, entering strict repository configuration mode!
2021-09-18 11:33:08.276 [restartedMain] INFO  o.s.d.r.config.RepositoryConfigurationDelegate - Bootstrapping Spring Data Redis repositories in DEFAULT mode.
2021-09-18 11:33:08.307 [restartedMain] INFO  o.s.d.r.config.RepositoryConfigurationDelegate - Finished Spring Data repository scanning in 16 ms. Found 0 Redis repository interfaces.
2021-09-18 11:33:08.863 [restartedMain] INFO  o.s.c.s.PostProcessorRegistrationDelegate$BeanPostProcessorChecker - Bean 'redisConfig' of type [com.yt.meituan.common.config.RedisConfig$$EnhancerBySpringCGLIB$$46f4ff38] is not eligible for getting processed by all BeanPostProcessors (for example: not eligible for auto-proxying)
2021-09-18 11:33:09.446 [restartedMain] INFO  o.s.boot.web.embedded.tomcat.TomcatWebServer - Tomcat initialized with port(s): 8082 (http)
2021-09-18 11:33:09.487 [restartedMain] INFO  org.apache.coyote.http11.Http11NioProtocol - Initializing ProtocolHandler ["http-nio-8082"]
2021-09-18 11:33:09.487 [restartedMain] INFO  org.apache.catalina.core.StandardService - Starting service [Tomcat]
2021-09-18 11:33:09.488 [restartedMain] INFO  org.apache.catalina.core.StandardEngine - Starting Servlet engine: [Apache Tomcat/9.0.52]
2021-09-18 11:33:09.598 [restartedMain] INFO  o.a.c.core.ContainerBase.[Tomcat].[localhost].[/] - Initializing Spring embedded WebApplicationContext
2021-09-18 11:33:09.598 [restartedMain] INFO  o.s.b.w.s.c.ServletWebServerApplicationContext - Root WebApplicationContext: initialization completed in 3122 ms
2021-09-18 11:33:11.604 [restartedMain] INFO  s.d.s.w.PropertySourcedRequestMappingHandlerMapping - Mapped URL path [/v2/api-docs] onto method [springfox.documentation.swagger2.web.Swagger2Controller#getDocumentation(String, HttpServletRequest)]
2021-09-18 11:33:11.813 [restartedMain] INFO  o.s.b.d.autoconfigure.OptionalLiveReloadServer - LiveReload server is running on port 35729
2021-09-18 11:33:12.042 [restartedMain] INFO  org.apache.coyote.http11.Http11NioProtocol - Starting ProtocolHandler ["http-nio-8082"]
2021-09-18 11:33:12.101 [restartedMain] INFO  o.s.boot.web.embedded.tomcat.TomcatWebServer - Tomcat started on port(s): 8082 (http) with context path ''
2021-09-18 11:33:12.102 [restartedMain] INFO  s.d.s.web.plugins.DocumentationPluginsBootstrapper - Context refreshed
2021-09-18 11:33:12.165 [restartedMain] INFO  s.d.s.web.plugins.DocumentationPluginsBootstrapper - Found 1 custom documentation plugin(s)
2021-09-18 11:33:12.213 [restartedMain] INFO  s.d.spring.web.scanners.ApiListingReferenceScanner - Scanning for api listing references
2021-09-18 11:33:12.237 [restartedMain] INFO  com.yt.meituan.MeituanApplication - Started MeituanApplication in 7.316 seconds (JVM running for 9.051)
2021-09-18 11:33:41.385 [restartedMain] INFO  com.yt.meituan.MeituanApplication - Starting MeituanApplication using Java 1.8.0_102 on DESKTOP-AIPF3S5 with PID 16992 (H:\cloud-Meituan\meituan\target\classes started by YoDc in H:\cloud-Meituan\meituan)
2021-09-18 11:33:41.390 [restartedMain] INFO  com.yt.meituan.MeituanApplication - The following profiles are active: dev
2021-09-18 11:33:41.436 [restartedMain] INFO  o.s.b.d.env.DevToolsPropertyDefaultsPostProcessor - Devtools property defaults active! Set 'spring.devtools.add-properties' to 'false' to disable
2021-09-18 11:33:41.436 [restartedMain] INFO  o.s.b.d.env.DevToolsPropertyDefaultsPostProcessor - For additional web related logging consider setting the 'logging.level.web' property to 'DEBUG'
2021-09-18 11:33:42.154 [restartedMain] INFO  o.s.d.r.config.RepositoryConfigurationDelegate - Multiple Spring Data modules found, entering strict repository configuration mode!
2021-09-18 11:33:42.156 [restartedMain] INFO  o.s.d.r.config.RepositoryConfigurationDelegate - Bootstrapping Spring Data Redis repositories in DEFAULT mode.
2021-09-18 11:33:42.177 [restartedMain] INFO  o.s.d.r.config.RepositoryConfigurationDelegate - Finished Spring Data repository scanning in 10 ms. Found 0 Redis repository interfaces.
2021-09-18 11:33:42.383 [restartedMain] INFO  o.s.c.s.PostProcessorRegistrationDelegate$BeanPostProcessorChecker - Bean 'redisConfig' of type [com.yt.meituan.common.config.RedisConfig$$EnhancerBySpringCGLIB$$5a47a207] is not eligible for getting processed by all BeanPostProcessors (for example: not eligible for auto-proxying)
2021-09-18 11:33:42.607 [restartedMain] INFO  o.s.boot.web.embedded.tomcat.TomcatWebServer - Tomcat initialized with port(s): 8082 (http)
2021-09-18 11:33:42.613 [restartedMain] INFO  org.apache.coyote.http11.Http11NioProtocol - Initializing ProtocolHandler ["http-nio-8082"]
2021-09-18 11:33:42.614 [restartedMain] INFO  org.apache.catalina.core.StandardService - Starting service [Tomcat]
2021-09-18 11:33:42.614 [restartedMain] INFO  org.apache.catalina.core.StandardEngine - Starting Servlet engine: [Apache Tomcat/9.0.52]
2021-09-18 11:33:42.674 [restartedMain] INFO  o.a.c.core.ContainerBase.[Tomcat].[localhost].[/] - Initializing Spring embedded WebApplicationContext
2021-09-18 11:33:42.674 [restartedMain] INFO  o.s.b.w.s.c.ServletWebServerApplicationContext - Root WebApplicationContext: initialization completed in 1237 ms
2021-09-18 11:33:43.672 [restartedMain] INFO  s.d.s.w.PropertySourcedRequestMappingHandlerMapping - Mapped URL path [/v2/api-docs] onto method [springfox.documentation.swagger2.web.Swagger2Controller#getDocumentation(String, HttpServletRequest)]
2021-09-18 11:33:43.765 [restartedMain] INFO  o.s.b.d.autoconfigure.OptionalLiveReloadServer - LiveReload server is running on port 35729
2021-09-18 11:33:43.907 [restartedMain] INFO  org.apache.coyote.http11.Http11NioProtocol - Starting ProtocolHandler ["http-nio-8082"]
2021-09-18 11:33:43.919 [restartedMain] INFO  o.s.boot.web.embedded.tomcat.TomcatWebServer - Tomcat started on port(s): 8082 (http) with context path ''
2021-09-18 11:33:43.920 [restartedMain] INFO  s.d.s.web.plugins.DocumentationPluginsBootstrapper - Context refreshed
2021-09-18 11:33:43.931 [restartedMain] INFO  s.d.s.web.plugins.DocumentationPluginsBootstrapper - Found 1 custom documentation plugin(s)
2021-09-18 11:33:43.952 [restartedMain] INFO  s.d.spring.web.scanners.ApiListingReferenceScanner - Scanning for api listing references
2021-09-18 11:33:43.968 [restartedMain] INFO  com.yt.meituan.MeituanApplication - Started MeituanApplication in 3.008 seconds (JVM running for 3.702)
2021-09-18 11:34:25.881 [http-nio-8082-exec-1] INFO  o.a.c.core.ContainerBase.[Tomcat].[localhost].[/] - Initializing Spring DispatcherServlet 'dispatcherServlet'
2021-09-18 11:34:25.882 [http-nio-8082-exec-1] INFO  org.springframework.web.servlet.DispatcherServlet - Initializing Servlet 'dispatcherServlet'
2021-09-18 11:34:25.883 [http-nio-8082-exec-1] INFO  org.springframework.web.servlet.DispatcherServlet - Completed initialization in 1 ms
2021-09-18 11:36:13.063 [restartedMain] INFO  com.yt.meituan.MeituanApplication - Starting MeituanApplication using Java 1.8.0_102 on DESKTOP-AIPF3S5 with PID 3968 (H:\cloud-Meituan\meituan\target\classes started by YoDc in H:\cloud-Meituan\meituan)
2021-09-18 11:36:13.065 [restartedMain] INFO  com.yt.meituan.MeituanApplication - The following profiles are active: dev
2021-09-18 11:36:13.112 [restartedMain] INFO  o.s.b.d.env.DevToolsPropertyDefaultsPostProcessor - Devtools property defaults active! Set 'spring.devtools.add-properties' to 'false' to disable
2021-09-18 11:36:13.112 [restartedMain] INFO  o.s.b.d.env.DevToolsPropertyDefaultsPostProcessor - For additional web related logging consider setting the 'logging.level.web' property to 'DEBUG'
2021-09-18 11:36:14.096 [restartedMain] INFO  o.s.d.r.config.RepositoryConfigurationDelegate - Multiple Spring Data modules found, entering strict repository configuration mode!
2021-09-18 11:36:14.099 [restartedMain] INFO  o.s.d.r.config.RepositoryConfigurationDelegate - Bootstrapping Spring Data Redis repositories in DEFAULT mode.
2021-09-18 11:36:14.132 [restartedMain] INFO  o.s.d.r.config.RepositoryConfigurationDelegate - Finished Spring Data repository scanning in 16 ms. Found 0 Redis repository interfaces.
2021-09-18 11:36:14.470 [restartedMain] INFO  o.s.c.s.PostProcessorRegistrationDelegate$BeanPostProcessorChecker - Bean 'redisConfig' of type [com.yt.meituan.common.config.RedisConfig$$EnhancerBySpringCGLIB$$2a458b8d] is not eligible for getting processed by all BeanPostProcessors (for example: not eligible for auto-proxying)
2021-09-18 11:36:14.802 [restartedMain] INFO  o.s.boot.web.embedded.tomcat.TomcatWebServer - Tomcat initialized with port(s): 8082 (http)
2021-09-18 11:36:14.809 [restartedMain] INFO  org.apache.coyote.http11.Http11NioProtocol - Initializing ProtocolHandler ["http-nio-8082"]
2021-09-18 11:36:14.809 [restartedMain] INFO  org.apache.catalina.core.StandardService - Starting service [Tomcat]
2021-09-18 11:36:14.810 [restartedMain] INFO  org.apache.catalina.core.StandardEngine - Starting Servlet engine: [Apache Tomcat/9.0.52]
2021-09-18 11:36:14.877 [restartedMain] INFO  o.a.c.core.ContainerBase.[Tomcat].[localhost].[/] - Initializing Spring embedded WebApplicationContext
2021-09-18 11:36:14.878 [restartedMain] INFO  o.s.b.w.s.c.ServletWebServerApplicationContext - Root WebApplicationContext: initialization completed in 1765 ms
2021-09-18 11:36:15.917 [restartedMain] INFO  s.d.s.w.PropertySourcedRequestMappingHandlerMapping - Mapped URL path [/v2/api-docs] onto method [springfox.documentation.swagger2.web.Swagger2Controller#getDocumentation(String, HttpServletRequest)]
2021-09-18 11:36:16.021 [restartedMain] INFO  o.s.b.d.autoconfigure.OptionalLiveReloadServer - LiveReload server is running on port 35729
2021-09-18 11:36:16.172 [restartedMain] INFO  org.apache.coyote.http11.Http11NioProtocol - Starting ProtocolHandler ["http-nio-8082"]
2021-09-18 11:36:16.185 [restartedMain] INFO  o.s.boot.web.embedded.tomcat.TomcatWebServer - Tomcat started on port(s): 8082 (http) with context path ''
2021-09-18 11:36:16.186 [restartedMain] INFO  s.d.s.web.plugins.DocumentationPluginsBootstrapper - Context refreshed
2021-09-18 11:36:16.197 [restartedMain] INFO  s.d.s.web.plugins.DocumentationPluginsBootstrapper - Found 1 custom documentation plugin(s)
2021-09-18 11:36:16.218 [restartedMain] INFO  s.d.spring.web.scanners.ApiListingReferenceScanner - Scanning for api listing references
2021-09-18 11:36:16.235 [restartedMain] INFO  com.yt.meituan.MeituanApplication - Started MeituanApplication in 3.896 seconds (JVM running for 4.681)
2021-09-18 11:38:42.644 [http-nio-8082-exec-1] INFO  o.a.c.core.ContainerBase.[Tomcat].[localhost].[/] - Initializing Spring DispatcherServlet 'dispatcherServlet'
2021-09-18 11:38:42.645 [http-nio-8082-exec-1] INFO  org.springframework.web.servlet.DispatcherServlet - Initializing Servlet 'dispatcherServlet'
2021-09-18 11:38:42.646 [http-nio-8082-exec-1] INFO  org.springframework.web.servlet.DispatcherServlet - Completed initialization in 1 ms
2021-09-18 11:41:25.258 [restartedMain] INFO  com.yt.meituan.MeituanApplication - Starting MeituanApplication using Java 1.8.0_102 on DESKTOP-AIPF3S5 with PID 952 (H:\cloud-Meituan\meituan\target\classes started by YoDc in H:\cloud-Meituan\meituan)
2021-09-18 11:41:25.262 [restartedMain] INFO  com.yt.meituan.MeituanApplication - The following profiles are active: dev
2021-09-18 11:41:25.314 [restartedMain] INFO  o.s.b.d.env.DevToolsPropertyDefaultsPostProcessor - Devtools property defaults active! Set 'spring.devtools.add-properties' to 'false' to disable
2021-09-18 11:41:25.315 [restartedMain] INFO  o.s.b.d.env.DevToolsPropertyDefaultsPostProcessor - For additional web related logging consider setting the 'logging.level.web' property to 'DEBUG'
2021-09-18 11:41:26.266 [restartedMain] INFO  o.s.d.r.config.RepositoryConfigurationDelegate - Multiple Spring Data modules found, entering strict repository configuration mode!
2021-09-18 11:41:26.269 [restartedMain] INFO  o.s.d.r.config.RepositoryConfigurationDelegate - Bootstrapping Spring Data Redis repositories in DEFAULT mode.
2021-09-18 11:41:26.304 [restartedMain] INFO  o.s.d.r.config.RepositoryConfigurationDelegate - Finished Spring Data repository scanning in 17 ms. Found 0 Redis repository interfaces.
2021-09-18 11:41:26.550 [restartedMain] INFO  o.s.c.s.PostProcessorRegistrationDelegate$BeanPostProcessorChecker - Bean 'redisConfig' of type [com.yt.meituan.common.config.RedisConfig$$EnhancerBySpringCGLIB$$43bd3668] is not eligible for getting processed by all BeanPostProcessors (for example: not eligible for auto-proxying)
2021-09-18 11:41:26.779 [restartedMain] INFO  o.s.boot.web.embedded.tomcat.TomcatWebServer - Tomcat initialized with port(s): 8082 (http)
2021-09-18 11:41:26.786 [restartedMain] INFO  org.apache.coyote.http11.Http11NioProtocol - Initializing ProtocolHandler ["http-nio-8082"]
2021-09-18 11:41:26.786 [restartedMain] INFO  org.apache.catalina.core.StandardService - Starting service [Tomcat]
2021-09-18 11:41:26.787 [restartedMain] INFO  org.apache.catalina.core.StandardEngine - Starting Servlet engine: [Apache Tomcat/9.0.52]
2021-09-18 11:41:26.881 [restartedMain] INFO  o.a.c.core.ContainerBase.[Tomcat].[localhost].[/] - Initializing Spring embedded WebApplicationContext
2021-09-18 11:41:26.882 [restartedMain] INFO  o.s.b.w.s.c.ServletWebServerApplicationContext - Root WebApplicationContext: initialization completed in 1567 ms
2021-09-18 11:41:27.921 [restartedMain] INFO  s.d.s.w.PropertySourcedRequestMappingHandlerMapping - Mapped URL path [/v2/api-docs] onto method [springfox.documentation.swagger2.web.Swagger2Controller#getDocumentation(String, HttpServletRequest)]
2021-09-18 11:41:28.014 [restartedMain] INFO  o.s.b.d.autoconfigure.OptionalLiveReloadServer - LiveReload server is running on port 35729
2021-09-18 11:41:28.151 [restartedMain] INFO  org.apache.coyote.http11.Http11NioProtocol - Starting ProtocolHandler ["http-nio-8082"]
2021-09-18 11:41:28.163 [restartedMain] INFO  o.s.boot.web.embedded.tomcat.TomcatWebServer - Tomcat started on port(s): 8082 (http) with context path ''
2021-09-18 11:41:28.164 [restartedMain] INFO  s.d.s.web.plugins.DocumentationPluginsBootstrapper - Context refreshed
2021-09-18 11:41:28.176 [restartedMain] INFO  s.d.s.web.plugins.DocumentationPluginsBootstrapper - Found 1 custom documentation plugin(s)
2021-09-18 11:41:28.201 [restartedMain] INFO  s.d.spring.web.scanners.ApiListingReferenceScanner - Scanning for api listing references
2021-09-18 11:41:28.219 [restartedMain] INFO  com.yt.meituan.MeituanApplication - Started MeituanApplication in 3.471 seconds (JVM running for 4.13)
2021-09-18 11:41:33.780 [http-nio-8082-exec-1] INFO  o.a.c.core.ContainerBase.[Tomcat].[localhost].[/] - Initializing Spring DispatcherServlet 'dispatcherServlet'
2021-09-18 11:41:33.781 [http-nio-8082-exec-1] INFO  org.springframework.web.servlet.DispatcherServlet - Initializing Servlet 'dispatcherServlet'
2021-09-18 11:41:33.782 [http-nio-8082-exec-1] INFO  org.springframework.web.servlet.DispatcherServlet - Completed initialization in 1 ms
2021-09-18 11:41:45.038 [restartedMain] INFO  com.yt.meituan.MeituanApplication - Starting MeituanApplication using Java 1.8.0_102 on DESKTOP-AIPF3S5 with PID 18296 (H:\cloud-Meituan\meituan\target\classes started by YoDc in H:\cloud-Meituan\meituan)
2021-09-18 11:41:45.041 [restartedMain] INFO  com.yt.meituan.MeituanApplication - The following profiles are active: dev
2021-09-18 11:41:45.086 [restartedMain] INFO  o.s.b.d.env.DevToolsPropertyDefaultsPostProcessor - Devtools property defaults active! Set 'spring.devtools.add-properties' to 'false' to disable
2021-09-18 11:41:45.087 [restartedMain] INFO  o.s.b.d.env.DevToolsPropertyDefaultsPostProcessor - For additional web related logging consider setting the 'logging.level.web' property to 'DEBUG'
2021-09-18 11:41:46.132 [restartedMain] INFO  o.s.d.r.config.RepositoryConfigurationDelegate - Multiple Spring Data modules found, entering strict repository configuration mode!
2021-09-18 11:41:46.138 [restartedMain] INFO  o.s.d.r.config.RepositoryConfigurationDelegate - Bootstrapping Spring Data Redis repositories in DEFAULT mode.
2021-09-18 11:41:46.168 [restartedMain] INFO  o.s.d.r.config.RepositoryConfigurationDelegate - Finished Spring Data repository scanning in 11 ms. Found 0 Redis repository interfaces.
2021-09-18 11:41:46.418 [restartedMain] INFO  o.s.c.s.PostProcessorRegistrationDelegate$BeanPostProcessorChecker - Bean 'redisConfig' of type [com.yt.meituan.common.config.RedisConfig$$EnhancerBySpringCGLIB$$4ca19e5c] is not eligible for getting processed by all BeanPostProcessors (for example: not eligible for auto-proxying)
2021-09-18 11:41:46.680 [restartedMain] INFO  o.s.boot.web.embedded.tomcat.TomcatWebServer - Tomcat initialized with port(s): 8082 (http)
2021-09-18 11:41:46.689 [restartedMain] INFO  org.apache.coyote.http11.Http11NioProtocol - Initializing ProtocolHandler ["http-nio-8082"]
2021-09-18 11:41:46.690 [restartedMain] INFO  org.apache.catalina.core.StandardService - Starting service [Tomcat]
2021-09-18 11:41:46.690 [restartedMain] INFO  org.apache.catalina.core.StandardEngine - Starting Servlet engine: [Apache Tomcat/9.0.52]
2021-09-18 11:41:46.861 [restartedMain] INFO  o.a.c.core.ContainerBase.[Tomcat].[localhost].[/] - Initializing Spring embedded WebApplicationContext
2021-09-18 11:41:46.861 [restartedMain] INFO  o.s.b.w.s.c.ServletWebServerApplicationContext - Root WebApplicationContext: initialization completed in 1773 ms
2021-09-18 11:41:47.943 [restartedMain] INFO  s.d.s.w.PropertySourcedRequestMappingHandlerMapping - Mapped URL path [/v2/api-docs] onto method [springfox.documentation.swagger2.web.Swagger2Controller#getDocumentation(String, HttpServletRequest)]
2021-09-18 11:41:48.034 [restartedMain] INFO  o.s.b.d.autoconfigure.OptionalLiveReloadServer - LiveReload server is running on port 35729
2021-09-18 11:41:48.174 [restartedMain] INFO  org.apache.coyote.http11.Http11NioProtocol - Starting ProtocolHandler ["http-nio-8082"]
2021-09-18 11:41:48.186 [restartedMain] INFO  o.s.boot.web.embedded.tomcat.TomcatWebServer - Tomcat started on port(s): 8082 (http) with context path ''
2021-09-18 11:41:48.187 [restartedMain] INFO  s.d.s.web.plugins.DocumentationPluginsBootstrapper - Context refreshed
2021-09-18 11:41:48.199 [restartedMain] INFO  s.d.s.web.plugins.DocumentationPluginsBootstrapper - Found 1 custom documentation plugin(s)
2021-09-18 11:41:48.220 [restartedMain] INFO  s.d.spring.web.scanners.ApiListingReferenceScanner - Scanning for api listing references
2021-09-18 11:41:48.235 [restartedMain] INFO  com.yt.meituan.MeituanApplication - Started MeituanApplication in 3.631 seconds (JVM running for 4.34)
2021-09-18 11:42:09.773 [restartedMain] INFO  com.yt.meituan.MeituanApplication - Starting MeituanApplication using Java 1.8.0_102 on DESKTOP-AIPF3S5 with PID 9364 (H:\cloud-Meituan\meituan\target\classes started by YoDc in H:\cloud-Meituan\meituan)
2021-09-18 11:42:09.776 [restartedMain] INFO  com.yt.meituan.MeituanApplication - The following profiles are active: dev
2021-09-18 11:42:09.828 [restartedMain] INFO  o.s.b.d.env.DevToolsPropertyDefaultsPostProcessor - Devtools property defaults active! Set 'spring.devtools.add-properties' to 'false' to disable
2021-09-18 11:42:09.828 [restartedMain] INFO  o.s.b.d.env.DevToolsPropertyDefaultsPostProcessor - For additional web related logging consider setting the 'logging.level.web' property to 'DEBUG'
2021-09-18 11:42:10.652 [restartedMain] INFO  o.s.d.r.config.RepositoryConfigurationDelegate - Multiple Spring Data modules found, entering strict repository configuration mode!
2021-09-18 11:42:10.654 [restartedMain] INFO  o.s.d.r.config.RepositoryConfigurationDelegate - Bootstrapping Spring Data Redis repositories in DEFAULT mode.
2021-09-18 11:42:10.677 [restartedMain] INFO  o.s.d.r.config.RepositoryConfigurationDelegate - Finished Spring Data repository scanning in 10 ms. Found 0 Redis repository interfaces.
2021-09-18 11:42:10.907 [restartedMain] INFO  o.s.c.s.PostProcessorRegistrationDelegate$BeanPostProcessorChecker - Bean 'redisConfig' of type [com.yt.meituan.common.config.RedisConfig$$EnhancerBySpringCGLIB$$1e306eac] is not eligible for getting processed by all BeanPostProcessors (for example: not eligible for auto-proxying)
2021-09-18 11:42:11.176 [restartedMain] INFO  o.s.boot.web.embedded.tomcat.TomcatWebServer - Tomcat initialized with port(s): 8082 (http)
2021-09-18 11:42:11.182 [restartedMain] INFO  org.apache.coyote.http11.Http11NioProtocol - Initializing ProtocolHandler ["http-nio-8082"]
2021-09-18 11:42:11.183 [restartedMain] INFO  org.apache.catalina.core.StandardService - Starting service [Tomcat]
2021-09-18 11:42:11.183 [restartedMain] INFO  org.apache.catalina.core.StandardEngine - Starting Servlet engine: [Apache Tomcat/9.0.52]
2021-09-18 11:42:11.254 [restartedMain] INFO  o.a.c.core.ContainerBase.[Tomcat].[localhost].[/] - Initializing Spring embedded WebApplicationContext
2021-09-18 11:42:11.254 [restartedMain] INFO  o.s.b.w.s.c.ServletWebServerApplicationContext - Root WebApplicationContext: initialization completed in 1425 ms
2021-09-18 11:42:12.297 [restartedMain] INFO  s.d.s.w.PropertySourcedRequestMappingHandlerMapping - Mapped URL path [/v2/api-docs] onto method [springfox.documentation.swagger2.web.Swagger2Controller#getDocumentation(String, HttpServletRequest)]
2021-09-18 11:42:12.394 [restartedMain] INFO  o.s.b.d.autoconfigure.OptionalLiveReloadServer - LiveReload server is running on port 35729
2021-09-18 11:42:12.539 [restartedMain] INFO  org.apache.coyote.http11.Http11NioProtocol - Starting ProtocolHandler ["http-nio-8082"]
2021-09-18 11:42:12.551 [restartedMain] INFO  o.s.boot.web.embedded.tomcat.TomcatWebServer - Tomcat started on port(s): 8082 (http) with context path ''
2021-09-18 11:42:12.552 [restartedMain] INFO  s.d.s.web.plugins.DocumentationPluginsBootstrapper - Context refreshed
2021-09-18 11:42:12.564 [restartedMain] INFO  s.d.s.web.plugins.DocumentationPluginsBootstrapper - Found 1 custom documentation plugin(s)
2021-09-18 11:42:12.587 [restartedMain] INFO  s.d.spring.web.scanners.ApiListingReferenceScanner - Scanning for api listing references
2021-09-18 11:42:12.603 [restartedMain] INFO  com.yt.meituan.MeituanApplication - Started MeituanApplication in 3.325 seconds (JVM running for 4.336)
2021-09-18 11:42:16.904 [http-nio-8082-exec-1] INFO  o.a.c.core.ContainerBase.[Tomcat].[localhost].[/] - Initializing Spring DispatcherServlet 'dispatcherServlet'
2021-09-18 11:42:16.904 [http-nio-8082-exec-1] INFO  org.springframework.web.servlet.DispatcherServlet - Initializing Servlet 'dispatcherServlet'
2021-09-18 11:42:16.905 [http-nio-8082-exec-1] INFO  org.springframework.web.servlet.DispatcherServlet - Completed initialization in 1 ms
2021-09-18 11:44:01.189 [restartedMain] INFO  com.yt.meituan.MeituanApplication - Starting MeituanApplication using Java 1.8.0_102 on DESKTOP-AIPF3S5 with PID 12180 (H:\cloud-Meituan\meituan\target\classes started by YoDc in H:\cloud-Meituan\meituan)
2021-09-18 11:44:01.192 [restartedMain] INFO  com.yt.meituan.MeituanApplication - The following profiles are active: dev
2021-09-18 11:44:01.246 [restartedMain] INFO  o.s.b.d.env.DevToolsPropertyDefaultsPostProcessor - Devtools property defaults active! Set 'spring.devtools.add-properties' to 'false' to disable
2021-09-18 11:44:01.246 [restartedMain] INFO  o.s.b.d.env.DevToolsPropertyDefaultsPostProcessor - For additional web related logging consider setting the 'logging.level.web' property to 'DEBUG'
2021-09-18 11:44:01.974 [restartedMain] INFO  o.s.d.r.config.RepositoryConfigurationDelegate - Multiple Spring Data modules found, entering strict repository configuration mode!
2021-09-18 11:44:01.976 [restartedMain] INFO  o.s.d.r.config.RepositoryConfigurationDelegate - Bootstrapping Spring Data Redis repositories in DEFAULT mode.
2021-09-18 11:44:01.999 [restartedMain] INFO  o.s.d.r.config.RepositoryConfigurationDelegate - Finished Spring Data repository scanning in 10 ms. Found 0 Redis repository interfaces.
2021-09-18 11:44:02.211 [restartedMain] INFO  o.s.c.s.PostProcessorRegistrationDelegate$BeanPostProcessorChecker - Bean 'redisConfig' of type [com.yt.meituan.common.config.RedisConfig$$EnhancerBySpringCGLIB$$b856c75c] is not eligible for getting processed by all BeanPostProcessors (for example: not eligible for auto-proxying)
2021-09-18 11:44:02.469 [restartedMain] INFO  o.s.boot.web.embedded.tomcat.TomcatWebServer - Tomcat initialized with port(s): 8082 (http)
2021-09-18 11:44:02.479 [restartedMain] INFO  org.apache.coyote.http11.Http11NioProtocol - Initializing ProtocolHandler ["http-nio-8082"]
2021-09-18 11:44:02.480 [restartedMain] INFO  org.apache.catalina.core.StandardService - Starting service [Tomcat]
2021-09-18 11:44:02.481 [restartedMain] INFO  org.apache.catalina.core.StandardEngine - Starting Servlet engine: [Apache Tomcat/9.0.52]
2021-09-18 11:44:02.551 [restartedMain] INFO  o.a.c.core.ContainerBase.[Tomcat].[localhost].[/] - Initializing Spring embedded WebApplicationContext
2021-09-18 11:44:02.551 [restartedMain] INFO  o.s.b.w.s.c.ServletWebServerApplicationContext - Root WebApplicationContext: initialization completed in 1305 ms
2021-09-18 11:44:03.590 [restartedMain] INFO  s.d.s.w.PropertySourcedRequestMappingHandlerMapping - Mapped URL path [/v2/api-docs] onto method [springfox.documentation.swagger2.web.Swagger2Controller#getDocumentation(String, HttpServletRequest)]
2021-09-18 11:44:03.686 [restartedMain] INFO  o.s.b.d.autoconfigure.OptionalLiveReloadServer - LiveReload server is running on port 35729
2021-09-18 11:44:03.832 [restartedMain] INFO  org.apache.coyote.http11.Http11NioProtocol - Starting ProtocolHandler ["http-nio-8082"]
2021-09-18 11:44:03.844 [restartedMain] INFO  o.s.boot.web.embedded.tomcat.TomcatWebServer - Tomcat started on port(s): 8082 (http) with context path ''
2021-09-18 11:44:03.845 [restartedMain] INFO  s.d.s.web.plugins.DocumentationPluginsBootstrapper - Context refreshed
2021-09-18 11:44:03.857 [restartedMain] INFO  s.d.s.web.plugins.DocumentationPluginsBootstrapper - Found 1 custom documentation plugin(s)
2021-09-18 11:44:03.877 [restartedMain] INFO  s.d.spring.web.scanners.ApiListingReferenceScanner - Scanning for api listing references
2021-09-18 11:44:03.893 [restartedMain] INFO  com.yt.meituan.MeituanApplication - Started MeituanApplication in 3.189 seconds (JVM running for 4.024)
2021-09-18 11:44:19.329 [http-nio-8082-exec-1] INFO  o.a.c.core.ContainerBase.[Tomcat].[localhost].[/] - Initializing Spring DispatcherServlet 'dispatcherServlet'
2021-09-18 11:44:19.329 [http-nio-8082-exec-1] INFO  org.springframework.web.servlet.DispatcherServlet - Initializing Servlet 'dispatcherServlet'
2021-09-18 11:44:19.331 [http-nio-8082-exec-1] INFO  org.springframework.web.servlet.DispatcherServlet - Completed initialization in 1 ms
2021-09-18 11:46:53.910 [restartedMain] INFO  com.yt.meituan.MeituanApplication - Starting MeituanApplication using Java 1.8.0_102 on DESKTOP-AIPF3S5 with PID 2232 (H:\cloud-Meituan\meituan\target\classes started by YoDc in H:\cloud-Meituan\meituan)
2021-09-18 11:46:53.913 [restartedMain] INFO  com.yt.meituan.MeituanApplication - The following profiles are active: dev
2021-09-18 11:46:53.959 [restartedMain] INFO  o.s.b.d.env.DevToolsPropertyDefaultsPostProcessor - Devtools property defaults active! Set 'spring.devtools.add-properties' to 'false' to disable
2021-09-18 11:46:53.959 [restartedMain] INFO  o.s.b.d.env.DevToolsPropertyDefaultsPostProcessor - For additional web related logging consider setting the 'logging.level.web' property to 'DEBUG'
2021-09-18 11:46:54.676 [restartedMain] INFO  o.s.d.r.config.RepositoryConfigurationDelegate - Multiple Spring Data modules found, entering strict repository configuration mode!
2021-09-18 11:46:54.678 [restartedMain] INFO  o.s.d.r.config.RepositoryConfigurationDelegate - Bootstrapping Spring Data Redis repositories in DEFAULT mode.
2021-09-18 11:46:54.699 [restartedMain] INFO  o.s.d.r.config.RepositoryConfigurationDelegate - Finished Spring Data repository scanning in 10 ms. Found 0 Redis repository interfaces.
2021-09-18 11:46:54.908 [restartedMain] INFO  o.s.c.s.PostProcessorRegistrationDelegate$BeanPostProcessorChecker - Bean 'redisConfig' of type [com.yt.meituan.common.config.RedisConfig$$EnhancerBySpringCGLIB$$a13ab7c6] is not eligible for getting processed by all BeanPostProcessors (for example: not eligible for auto-proxying)
2021-09-18 11:46:55.129 [restartedMain] INFO  o.s.boot.web.embedded.tomcat.TomcatWebServer - Tomcat initialized with port(s): 8082 (http)
2021-09-18 11:46:55.135 [restartedMain] INFO  org.apache.coyote.http11.Http11NioProtocol - Initializing ProtocolHandler ["http-nio-8082"]
2021-09-18 11:46:55.136 [restartedMain] INFO  org.apache.catalina.core.StandardService - Starting service [Tomcat]
2021-09-18 11:46:55.136 [restartedMain] INFO  org.apache.catalina.core.StandardEngine - Starting Servlet engine: [Apache Tomcat/9.0.52]
2021-09-18 11:46:55.195 [restartedMain] INFO  o.a.c.core.ContainerBase.[Tomcat].[localhost].[/] - Initializing Spring embedded WebApplicationContext
2021-09-18 11:46:55.196 [restartedMain] INFO  o.s.b.w.s.c.ServletWebServerApplicationContext - Root WebApplicationContext: initialization completed in 1236 ms
2021-09-18 11:46:56.225 [restartedMain] INFO  s.d.s.w.PropertySourcedRequestMappingHandlerMapping - Mapped URL path [/v2/api-docs] onto method [springfox.documentation.swagger2.web.Swagger2Controller#getDocumentation(String, HttpServletRequest)]
2021-09-18 11:46:56.327 [restartedMain] INFO  o.s.b.d.autoconfigure.OptionalLiveReloadServer - LiveReload server is running on port 35729
2021-09-18 11:46:56.478 [restartedMain] INFO  org.apache.coyote.http11.Http11NioProtocol - Starting ProtocolHandler ["http-nio-8082"]
2021-09-18 11:46:56.490 [restartedMain] INFO  o.s.boot.web.embedded.tomcat.TomcatWebServer - Tomcat started on port(s): 8082 (http) with context path ''
2021-09-18 11:46:56.491 [restartedMain] INFO  s.d.s.web.plugins.DocumentationPluginsBootstrapper - Context refreshed
2021-09-18 11:46:56.504 [restartedMain] INFO  s.d.s.web.plugins.DocumentationPluginsBootstrapper - Found 1 custom documentation plugin(s)
2021-09-18 11:46:56.525 [restartedMain] INFO  s.d.spring.web.scanners.ApiListingReferenceScanner - Scanning for api listing references
2021-09-18 11:46:56.715 [restartedMain] INFO  com.yt.meituan.MeituanApplication - Started MeituanApplication in 3.219 seconds (JVM running for 3.911)
2021-09-18 11:47:00.038 [http-nio-8082-exec-1] INFO  o.a.c.core.ContainerBase.[Tomcat].[localhost].[/] - Initializing Spring DispatcherServlet 'dispatcherServlet'
2021-09-18 11:47:00.038 [http-nio-8082-exec-1] INFO  org.springframework.web.servlet.DispatcherServlet - Initializing Servlet 'dispatcherServlet'
2021-09-18 11:47:00.039 [http-nio-8082-exec-1] INFO  org.springframework.web.servlet.DispatcherServlet - Completed initialization in 1 ms
2021-09-18 11:48:39.005 [http-nio-8082-exec-7] INFO  com.zaxxer.hikari.HikariDataSource - HikariPool-1 - Starting...
2021-09-18 11:49:54.387 [restartedMain] INFO  com.yt.meituan.MeituanApplication - Starting MeituanApplication using Java 1.8.0_102 on DESKTOP-AIPF3S5 with PID 15976 (H:\cloud-Meituan\meituan\target\classes started by YoDc in H:\cloud-Meituan\meituan)
2021-09-18 11:49:54.391 [restartedMain] INFO  com.yt.meituan.MeituanApplication - The following profiles are active: dev
2021-09-18 11:49:54.445 [restartedMain] INFO  o.s.b.d.env.DevToolsPropertyDefaultsPostProcessor - Devtools property defaults active! Set 'spring.devtools.add-properties' to 'false' to disable
2021-09-18 11:49:54.445 [restartedMain] INFO  o.s.b.d.env.DevToolsPropertyDefaultsPostProcessor - For additional web related logging consider setting the 'logging.level.web' property to 'DEBUG'
2021-09-18 11:49:55.267 [restartedMain] INFO  o.s.d.r.config.RepositoryConfigurationDelegate - Multiple Spring Data modules found, entering strict repository configuration mode!
2021-09-18 11:49:55.269 [restartedMain] INFO  o.s.d.r.config.RepositoryConfigurationDelegate - Bootstrapping Spring Data Redis repositories in DEFAULT mode.
2021-09-18 11:49:55.292 [restartedMain] INFO  o.s.d.r.config.RepositoryConfigurationDelegate - Finished Spring Data repository scanning in 11 ms. Found 0 Redis repository interfaces.
2021-09-18 11:49:55.514 [restartedMain] INFO  o.s.c.s.PostProcessorRegistrationDelegate$BeanPostProcessorChecker - Bean 'redisConfig' of type [com.yt.meituan.common.config.RedisConfig$$EnhancerBySpringCGLIB$$2df93c29] is not eligible for getting processed by all BeanPostProcessors (for example: not eligible for auto-proxying)
2021-09-18 11:49:55.773 [restartedMain] INFO  o.s.boot.web.embedded.tomcat.TomcatWebServer - Tomcat initialized with port(s): 8082 (http)
2021-09-18 11:49:55.780 [restartedMain] INFO  org.apache.coyote.http11.Http11NioProtocol - Initializing ProtocolHandler ["http-nio-8082"]
2021-09-18 11:49:55.781 [restartedMain] INFO  org.apache.catalina.core.StandardService - Starting service [Tomcat]
2021-09-18 11:49:55.781 [restartedMain] INFO  org.apache.catalina.core.StandardEngine - Starting Servlet engine: [Apache Tomcat/9.0.52]
2021-09-18 11:49:55.859 [restartedMain] INFO  o.a.c.core.ContainerBase.[Tomcat].[localhost].[/] - Initializing Spring embedded WebApplicationContext
2021-09-18 11:49:55.859 [restartedMain] INFO  o.s.b.w.s.c.ServletWebServerApplicationContext - Root WebApplicationContext: initialization completed in 1413 ms
2021-09-18 11:49:57.029 [restartedMain] INFO  s.d.s.w.PropertySourcedRequestMappingHandlerMapping - Mapped URL path [/v2/api-docs] onto method [springfox.documentation.swagger2.web.Swagger2Controller#getDocumentation(String, HttpServletRequest)]
2021-09-18 11:49:57.166 [restartedMain] INFO  o.s.b.d.autoconfigure.OptionalLiveReloadServer - LiveReload server is running on port 35729
2021-09-18 11:49:57.378 [restartedMain] INFO  org.apache.coyote.http11.Http11NioProtocol - Starting ProtocolHandler ["http-nio-8082"]
2021-09-18 11:49:57.401 [restartedMain] INFO  o.s.boot.web.embedded.tomcat.TomcatWebServer - Tomcat started on port(s): 8082 (http) with context path ''
2021-09-18 11:49:57.402 [restartedMain] INFO  s.d.s.web.plugins.DocumentationPluginsBootstrapper - Context refreshed
2021-09-18 11:49:57.420 [restartedMain] INFO  s.d.s.web.plugins.DocumentationPluginsBootstrapper - Found 1 custom documentation plugin(s)
2021-09-18 11:49:57.448 [restartedMain] INFO  s.d.spring.web.scanners.ApiListingReferenceScanner - Scanning for api listing references
2021-09-18 11:49:57.551 [restartedMain] INFO  com.yt.meituan.MeituanApplication - Started MeituanApplication in 3.772 seconds (JVM running for 4.576)
2021-09-18 11:54:16.411 [http-nio-8082-exec-1] INFO  o.a.c.core.ContainerBase.[Tomcat].[localhost].[/] - Initializing Spring DispatcherServlet 'dispatcherServlet'
2021-09-18 11:54:16.412 [http-nio-8082-exec-1] INFO  org.springframework.web.servlet.DispatcherServlet - Initializing Servlet 'dispatcherServlet'
2021-09-18 11:54:16.413 [http-nio-8082-exec-1] INFO  org.springframework.web.servlet.DispatcherServlet - Completed initialization in 1 ms
2021-09-18 11:54:31.776 [http-nio-8082-exec-1] INFO  com.zaxxer.hikari.HikariDataSource - HikariPool-1 - Starting...
2021-09-18 11:54:36.502 [http-nio-8082-exec-1] INFO  com.zaxxer.hikari.HikariDataSource - HikariPool-1 - Start completed.
2021-09-18 11:55:26.396 [restartedMain] INFO  com.yt.meituan.MeituanApplication - Starting MeituanApplication using Java 1.8.0_102 on DESKTOP-AIPF3S5 with PID 7004 (H:\cloud-Meituan\meituan\target\classes started by YoDc in H:\cloud-Meituan\meituan)
2021-09-18 11:55:26.399 [restartedMain] INFO  com.yt.meituan.MeituanApplication - The following profiles are active: dev
2021-09-18 11:55:26.503 [restartedMain] INFO  o.s.b.d.env.DevToolsPropertyDefaultsPostProcessor - Devtools property defaults active! Set 'spring.devtools.add-properties' to 'false' to disable
2021-09-18 11:55:26.504 [restartedMain] INFO  o.s.b.d.env.DevToolsPropertyDefaultsPostProcessor - For additional web related logging consider setting the 'logging.level.web' property to 'DEBUG'
2021-09-18 11:55:27.576 [restartedMain] INFO  o.s.d.r.config.RepositoryConfigurationDelegate - Multiple Spring Data modules found, entering strict repository configuration mode!
2021-09-18 11:55:27.578 [restartedMain] INFO  o.s.d.r.config.RepositoryConfigurationDelegate - Bootstrapping Spring Data Redis repositories in DEFAULT mode.
2021-09-18 11:55:27.601 [restartedMain] INFO  o.s.d.r.config.RepositoryConfigurationDelegate - Finished Spring Data repository scanning in 10 ms. Found 0 Redis repository interfaces.
2021-09-18 11:55:27.848 [restartedMain] INFO  o.s.c.s.PostProcessorRegistrationDelegate$BeanPostProcessorChecker - Bean 'redisConfig' of type [com.yt.meituan.common.config.RedisConfig$$EnhancerBySpringCGLIB$$7c0f97f1] is not eligible for getting processed by all BeanPostProcessors (for example: not eligible for auto-proxying)
2021-09-18 11:55:28.581 [restartedMain] INFO  o.s.boot.web.embedded.tomcat.TomcatWebServer - Tomcat initialized with port(s): 8082 (http)
2021-09-18 11:55:28.613 [restartedMain] INFO  org.apache.coyote.http11.Http11NioProtocol - Initializing ProtocolHandler ["http-nio-8082"]
2021-09-18 11:55:28.613 [restartedMain] INFO  org.apache.catalina.core.StandardService - Starting service [Tomcat]
2021-09-18 11:55:28.613 [restartedMain] INFO  org.apache.catalina.core.StandardEngine - Starting Servlet engine: [Apache Tomcat/9.0.52]
2021-09-18 11:55:28.714 [restartedMain] INFO  o.a.c.core.ContainerBase.[Tomcat].[localhost].[/] - Initializing Spring embedded WebApplicationContext
2021-09-18 11:55:28.715 [restartedMain] INFO  o.s.b.w.s.c.ServletWebServerApplicationContext - Root WebApplicationContext: initialization completed in 2211 ms
2021-09-18 11:55:30.348 [restartedMain] INFO  s.d.s.w.PropertySourcedRequestMappingHandlerMapping - Mapped URL path [/v2/api-docs] onto method [springfox.documentation.swagger2.web.Swagger2Controller#getDocumentation(String, HttpServletRequest)]
2021-09-18 11:55:30.512 [restartedMain] INFO  o.s.b.d.autoconfigure.OptionalLiveReloadServer - LiveReload server is running on port 35729
2021-09-18 11:55:30.733 [restartedMain] INFO  org.apache.coyote.http11.Http11NioProtocol - Starting ProtocolHandler ["http-nio-8082"]
2021-09-18 11:55:30.791 [restartedMain] INFO  o.s.boot.web.embedded.tomcat.TomcatWebServer - Tomcat started on port(s): 8082 (http) with context path ''
2021-09-18 11:55:30.792 [restartedMain] INFO  s.d.s.web.plugins.DocumentationPluginsBootstrapper - Context refreshed
2021-09-18 11:55:30.846 [restartedMain] INFO  s.d.s.web.plugins.DocumentationPluginsBootstrapper - Found 1 custom documentation plugin(s)
2021-09-18 11:55:30.871 [restartedMain] INFO  s.d.spring.web.scanners.ApiListingReferenceScanner - Scanning for api listing references
2021-09-18 11:55:31.065 [restartedMain] INFO  com.yt.meituan.MeituanApplication - Started MeituanApplication in 5.813 seconds (JVM running for 10.534)
2021-09-18 11:56:35.696 [http-nio-8082-exec-1] INFO  o.a.c.core.ContainerBase.[Tomcat].[localhost].[/] - Initializing Spring DispatcherServlet 'dispatcherServlet'
2021-09-18 11:56:35.697 [http-nio-8082-exec-1] INFO  org.springframework.web.servlet.DispatcherServlet - Initializing Servlet 'dispatcherServlet'
2021-09-18 11:56:35.698 [http-nio-8082-exec-1] INFO  org.springframework.web.servlet.DispatcherServlet - Completed initialization in 1 ms
2021-09-18 11:56:37.463 [http-nio-8082-exec-1] INFO  com.zaxxer.hikari.HikariDataSource - HikariPool-1 - Starting...
2021-09-18 11:56:40.016 [http-nio-8082-exec-1] INFO  com.zaxxer.hikari.HikariDataSource - HikariPool-1 - Start completed.
2021-09-18 12:06:45.567 [restartedMain] INFO  com.yt.meituan.MeituanApplication - Starting MeituanApplication using Java 1.8.0_102 on DESKTOP-AIPF3S5 with PID 9176 (H:\cloud-Meituan\meituan\target\classes started by YoDc in H:\cloud-Meituan\meituan)
2021-09-18 12:06:45.569 [restartedMain] INFO  com.yt.meituan.MeituanApplication - The following profiles are active: dev
2021-09-18 12:06:45.621 [restartedMain] INFO  o.s.b.d.env.DevToolsPropertyDefaultsPostProcessor - Devtools property defaults active! Set 'spring.devtools.add-properties' to 'false' to disable
2021-09-18 12:06:45.621 [restartedMain] INFO  o.s.b.d.env.DevToolsPropertyDefaultsPostProcessor - For additional web related logging consider setting the 'logging.level.web' property to 'DEBUG'
2021-09-18 12:06:46.341 [restartedMain] INFO  o.s.d.r.config.RepositoryConfigurationDelegate - Multiple Spring Data modules found, entering strict repository configuration mode!
2021-09-18 12:06:46.343 [restartedMain] INFO  o.s.d.r.config.RepositoryConfigurationDelegate - Bootstrapping Spring Data Redis repositories in DEFAULT mode.
2021-09-18 12:06:46.365 [restartedMain] INFO  o.s.d.r.config.RepositoryConfigurationDelegate - Finished Spring Data repository scanning in 11 ms. Found 0 Redis repository interfaces.
2021-09-18 12:06:46.574 [restartedMain] INFO  o.s.c.s.PostProcessorRegistrationDelegate$BeanPostProcessorChecker - Bean 'redisConfig' of type [com.yt.meituan.common.config.RedisConfig$$EnhancerBySpringCGLIB$$92d59d73] is not eligible for getting processed by all BeanPostProcessors (for example: not eligible for auto-proxying)
2021-09-18 12:06:46.811 [restartedMain] INFO  o.s.boot.web.embedded.tomcat.TomcatWebServer - Tomcat initialized with port(s): 8082 (http)
2021-09-18 12:06:46.818 [restartedMain] INFO  org.apache.coyote.http11.Http11NioProtocol - Initializing ProtocolHandler ["http-nio-8082"]
2021-09-18 12:06:46.819 [restartedMain] INFO  org.apache.catalina.core.StandardService - Starting service [Tomcat]
2021-09-18 12:06:46.819 [restartedMain] INFO  org.apache.catalina.core.StandardEngine - Starting Servlet engine: [Apache Tomcat/9.0.52]
2021-09-18 12:06:46.888 [restartedMain] INFO  o.a.c.core.ContainerBase.[Tomcat].[localhost].[/] - Initializing Spring embedded WebApplicationContext
2021-09-18 12:06:46.889 [restartedMain] INFO  o.s.b.w.s.c.ServletWebServerApplicationContext - Root WebApplicationContext: initialization completed in 1267 ms
2021-09-18 12:06:47.899 [restartedMain] INFO  s.d.s.w.PropertySourcedRequestMappingHandlerMapping - Mapped URL path [/v2/api-docs] onto method [springfox.documentation.swagger2.web.Swagger2Controller#getDocumentation(String, HttpServletRequest)]
2021-09-18 12:06:47.999 [restartedMain] INFO  o.s.b.d.autoconfigure.OptionalLiveReloadServer - LiveReload server is running on port 35729
2021-09-18 12:06:48.147 [restartedMain] INFO  org.apache.coyote.http11.Http11NioProtocol - Starting ProtocolHandler ["http-nio-8082"]
2021-09-18 12:06:48.160 [restartedMain] INFO  o.s.boot.web.embedded.tomcat.TomcatWebServer - Tomcat started on port(s): 8082 (http) with context path ''
2021-09-18 12:06:48.161 [restartedMain] INFO  s.d.s.web.plugins.DocumentationPluginsBootstrapper - Context refreshed
2021-09-18 12:06:48.173 [restartedMain] INFO  s.d.s.web.plugins.DocumentationPluginsBootstrapper - Found 1 custom documentation plugin(s)
2021-09-18 12:06:48.193 [restartedMain] INFO  s.d.spring.web.scanners.ApiListingReferenceScanner - Scanning for api listing references
2021-09-18 12:06:48.291 [restartedMain] INFO  com.yt.meituan.MeituanApplication - Started MeituanApplication in 3.134 seconds (JVM running for 3.835)
2021-09-18 12:54:09.148 [http-nio-8082-exec-1] INFO  o.a.c.core.ContainerBase.[Tomcat].[localhost].[/] - Initializing Spring DispatcherServlet 'dispatcherServlet'
2021-09-18 12:54:09.148 [http-nio-8082-exec-1] INFO  org.springframework.web.servlet.DispatcherServlet - Initializing Servlet 'dispatcherServlet'
2021-09-18 12:54:09.150 [http-nio-8082-exec-1] INFO  org.springframework.web.servlet.DispatcherServlet - Completed initialization in 2 ms
2021-09-18 12:55:44.150 [http-nio-8082-exec-6] INFO  com.zaxxer.hikari.HikariDataSource - HikariPool-1 - Starting...
2021-09-18 12:59:12.502 [restartedMain] INFO  com.yt.meituan.MeituanApplication - Starting MeituanApplication using Java 1.8.0_102 on DESKTOP-AIPF3S5 with PID 6936 (H:\cloud-Meituan\meituan\target\classes started by YoDc in H:\cloud-Meituan\meituan)
2021-09-18 12:59:12.504 [restartedMain] INFO  com.yt.meituan.MeituanApplication - The following profiles are active: dev
2021-09-18 12:59:12.549 [restartedMain] INFO  o.s.b.d.env.DevToolsPropertyDefaultsPostProcessor - Devtools property defaults active! Set 'spring.devtools.add-properties' to 'false' to disable
2021-09-18 12:59:12.549 [restartedMain] INFO  o.s.b.d.env.DevToolsPropertyDefaultsPostProcessor - For additional web related logging consider setting the 'logging.level.web' property to 'DEBUG'
2021-09-18 12:59:13.556 [restartedMain] INFO  o.s.d.r.config.RepositoryConfigurationDelegate - Multiple Spring Data modules found, entering strict repository configuration mode!
2021-09-18 12:59:13.568 [restartedMain] INFO  o.s.d.r.config.RepositoryConfigurationDelegate - Bootstrapping Spring Data Redis repositories in DEFAULT mode.
2021-09-18 12:59:13.604 [restartedMain] INFO  o.s.d.r.config.RepositoryConfigurationDelegate - Finished Spring Data repository scanning in 18 ms. Found 0 Redis repository interfaces.
2021-09-18 12:59:13.850 [restartedMain] INFO  o.s.c.s.PostProcessorRegistrationDelegate$BeanPostProcessorChecker - Bean 'redisConfig' of type [com.yt.meituan.common.config.RedisConfig$$EnhancerBySpringCGLIB$$c19d3913] is not eligible for getting processed by all BeanPostProcessors (for example: not eligible for auto-proxying)
2021-09-18 12:59:14.636 [restartedMain] INFO  o.s.boot.web.embedded.tomcat.TomcatWebServer - Tomcat initialized with port(s): 8082 (http)
2021-09-18 12:59:14.756 [restartedMain] INFO  org.apache.coyote.http11.Http11NioProtocol - Initializing ProtocolHandler ["http-nio-8082"]
2021-09-18 12:59:14.756 [restartedMain] INFO  org.apache.catalina.core.StandardService - Starting service [Tomcat]
2021-09-18 12:59:14.757 [restartedMain] INFO  org.apache.catalina.core.StandardEngine - Starting Servlet engine: [Apache Tomcat/9.0.52]
2021-09-18 12:59:15.154 [restartedMain] INFO  o.a.c.core.ContainerBase.[Tomcat].[localhost].[/] - Initializing Spring embedded WebApplicationContext
2021-09-18 12:59:15.154 [restartedMain] INFO  o.s.b.w.s.c.ServletWebServerApplicationContext - Root WebApplicationContext: initialization completed in 2604 ms
2021-09-18 12:59:16.305 [restartedMain] INFO  s.d.s.w.PropertySourcedRequestMappingHandlerMapping - Mapped URL path [/v2/api-docs] onto method [springfox.documentation.swagger2.web.Swagger2Controller#getDocumentation(String, HttpServletRequest)]
2021-09-18 12:59:16.402 [restartedMain] INFO  o.s.b.d.autoconfigure.OptionalLiveReloadServer - LiveReload server is running on port 35729
2021-09-18 12:59:16.558 [restartedMain] INFO  org.apache.coyote.http11.Http11NioProtocol - Starting ProtocolHandler ["http-nio-8082"]
2021-09-18 12:59:16.607 [restartedMain] INFO  o.s.boot.web.embedded.tomcat.TomcatWebServer - Tomcat started on port(s): 8082 (http) with context path ''
2021-09-18 12:59:16.608 [restartedMain] INFO  s.d.s.web.plugins.DocumentationPluginsBootstrapper - Context refreshed
2021-09-18 12:59:16.705 [restartedMain] INFO  s.d.s.web.plugins.DocumentationPluginsBootstrapper - Found 1 custom documentation plugin(s)
2021-09-18 12:59:16.730 [restartedMain] INFO  s.d.spring.web.scanners.ApiListingReferenceScanner - Scanning for api listing references
2021-09-18 12:59:16.865 [restartedMain] INFO  com.yt.meituan.MeituanApplication - Started MeituanApplication in 4.929 seconds (JVM running for 5.772)
2021-09-18 12:59:19.801 [http-nio-8082-exec-1] INFO  o.a.c.core.ContainerBase.[Tomcat].[localhost].[/] - Initializing Spring DispatcherServlet 'dispatcherServlet'
2021-09-18 12:59:19.802 [http-nio-8082-exec-1] INFO  org.springframework.web.servlet.DispatcherServlet - Initializing Servlet 'dispatcherServlet'
2021-09-18 12:59:19.803 [http-nio-8082-exec-1] INFO  org.springframework.web.servlet.DispatcherServlet - Completed initialization in 1 ms
2021-09-18 13:02:24.664 [restartedMain] INFO  com.yt.meituan.MeituanApplication - Starting MeituanApplication using Java 1.8.0_102 on DESKTOP-AIPF3S5 with PID 9248 (H:\cloud-Meituan\meituan\target\classes started by YoDc in H:\cloud-Meituan\meituan)
2021-09-18 13:02:24.668 [restartedMain] INFO  com.yt.meituan.MeituanApplication - The following profiles are active: dev
2021-09-18 13:02:24.725 [restartedMain] INFO  o.s.b.d.env.DevToolsPropertyDefaultsPostProcessor - Devtools property defaults active! Set 'spring.devtools.add-properties' to 'false' to disable
2021-09-18 13:02:24.726 [restartedMain] INFO  o.s.b.d.env.DevToolsPropertyDefaultsPostProcessor - For additional web related logging consider setting the 'logging.level.web' property to 'DEBUG'
2021-09-18 13:02:25.506 [restartedMain] INFO  o.s.d.r.config.RepositoryConfigurationDelegate - Multiple Spring Data modules found, entering strict repository configuration mode!
2021-09-18 13:02:25.508 [restartedMain] INFO  o.s.d.r.config.RepositoryConfigurationDelegate - Bootstrapping Spring Data Redis repositories in DEFAULT mode.
2021-09-18 13:02:25.530 [restartedMain] INFO  o.s.d.r.config.RepositoryConfigurationDelegate - Finished Spring Data repository scanning in 11 ms. Found 0 Redis repository interfaces.
2021-09-18 13:02:25.766 [restartedMain] INFO  o.s.c.s.PostProcessorRegistrationDelegate$BeanPostProcessorChecker - Bean 'redisConfig' of type [com.yt.meituan.common.config.RedisConfig$$EnhancerBySpringCGLIB$$eb3bf35a] is not eligible for getting processed by all BeanPostProcessors (for example: not eligible for auto-proxying)
2021-09-18 13:02:26.025 [restartedMain] INFO  o.s.boot.web.embedded.tomcat.TomcatWebServer - Tomcat initialized with port(s): 8082 (http)
2021-09-18 13:02:26.032 [restartedMain] INFO  org.apache.coyote.http11.Http11NioProtocol - Initializing ProtocolHandler ["http-nio-8082"]
2021-09-18 13:02:26.032 [restartedMain] INFO  org.apache.catalina.core.StandardService - Starting service [Tomcat]
2021-09-18 13:02:26.033 [restartedMain] INFO  org.apache.catalina.core.StandardEngine - Starting Servlet engine: [Apache Tomcat/9.0.52]
2021-09-18 13:02:26.106 [restartedMain] INFO  o.a.c.core.ContainerBase.[Tomcat].[localhost].[/] - Initializing Spring embedded WebApplicationContext
2021-09-18 13:02:26.106 [restartedMain] INFO  o.s.b.w.s.c.ServletWebServerApplicationContext - Root WebApplicationContext: initialization completed in 1380 ms
2021-09-18 13:02:27.185 [restartedMain] INFO  s.d.s.w.PropertySourcedRequestMappingHandlerMapping - Mapped URL path [/v2/api-docs] onto method [springfox.documentation.swagger2.web.Swagger2Controller#getDocumentation(String, HttpServletRequest)]
2021-09-18 13:02:27.282 [restartedMain] INFO  o.s.b.d.autoconfigure.OptionalLiveReloadServer - LiveReload server is running on port 35729
2021-09-18 13:02:27.430 [restartedMain] INFO  org.apache.coyote.http11.Http11NioProtocol - Starting ProtocolHandler ["http-nio-8082"]
2021-09-18 13:02:27.442 [restartedMain] INFO  o.s.boot.web.embedded.tomcat.TomcatWebServer - Tomcat started on port(s): 8082 (http) with context path ''
2021-09-18 13:02:27.443 [restartedMain] INFO  s.d.s.web.plugins.DocumentationPluginsBootstrapper - Context refreshed
2021-09-18 13:02:27.455 [restartedMain] INFO  s.d.s.web.plugins.DocumentationPluginsBootstrapper - Found 1 custom documentation plugin(s)
2021-09-18 13:02:27.474 [restartedMain] INFO  s.d.spring.web.scanners.ApiListingReferenceScanner - Scanning for api listing references
2021-09-18 13:02:27.570 [restartedMain] INFO  com.yt.meituan.MeituanApplication - Started MeituanApplication in 3.313 seconds (JVM running for 4.134)
2021-09-18 13:02:30.319 [http-nio-8082-exec-1] INFO  o.a.c.core.ContainerBase.[Tomcat].[localhost].[/] - Initializing Spring DispatcherServlet 'dispatcherServlet'
2021-09-18 13:02:30.320 [http-nio-8082-exec-1] INFO  org.springframework.web.servlet.DispatcherServlet - Initializing Servlet 'dispatcherServlet'
2021-09-18 13:02:30.321 [http-nio-8082-exec-1] INFO  org.springframework.web.servlet.DispatcherServlet - Completed initialization in 1 ms
2021-09-18 13:02:36.993 [http-nio-8082-exec-6] INFO  com.zaxxer.hikari.HikariDataSource - HikariPool-1 - Starting...
2021-09-18 13:02:38.607 [http-nio-8082-exec-6] INFO  com.zaxxer.hikari.HikariDataSource - HikariPool-1 - Start completed.
2021-09-18 13:07:11.111 [restartedMain] INFO  com.yt.meituan.MeituanApplication - Starting MeituanApplication using Java 1.8.0_102 on DESKTOP-AIPF3S5 with PID 10748 (H:\cloud-Meituan\meituan\target\classes started by YoDc in H:\cloud-Meituan\meituan)
2021-09-18 13:07:11.114 [restartedMain] INFO  com.yt.meituan.MeituanApplication - The following profiles are active: dev
2021-09-18 13:07:11.186 [restartedMain] INFO  o.s.b.d.env.DevToolsPropertyDefaultsPostProcessor - Devtools property defaults active! Set 'spring.devtools.add-properties' to 'false' to disable
2021-09-18 13:07:11.186 [restartedMain] INFO  o.s.b.d.env.DevToolsPropertyDefaultsPostProcessor - For additional web related logging consider setting the 'logging.level.web' property to 'DEBUG'
2021-09-18 13:07:11.989 [restartedMain] INFO  o.s.d.r.config.RepositoryConfigurationDelegate - Multiple Spring Data modules found, entering strict repository configuration mode!
2021-09-18 13:07:11.992 [restartedMain] INFO  o.s.d.r.config.RepositoryConfigurationDelegate - Bootstrapping Spring Data Redis repositories in DEFAULT mode.
2021-09-18 13:07:12.013 [restartedMain] INFO  o.s.d.r.config.RepositoryConfigurationDelegate - Finished Spring Data repository scanning in 10 ms. Found 0 Redis repository interfaces.
2021-09-18 13:07:12.238 [restartedMain] INFO  o.s.c.s.PostProcessorRegistrationDelegate$BeanPostProcessorChecker - Bean 'redisConfig' of type [com.yt.meituan.common.config.RedisConfig$$EnhancerBySpringCGLIB$$c19d3913] is not eligible for getting processed by all BeanPostProcessors (for example: not eligible for auto-proxying)
2021-09-18 13:07:12.481 [restartedMain] INFO  o.s.boot.web.embedded.tomcat.TomcatWebServer - Tomcat initialized with port(s): 8082 (http)
2021-09-18 13:07:12.487 [restartedMain] INFO  org.apache.coyote.http11.Http11NioProtocol - Initializing ProtocolHandler ["http-nio-8082"]
2021-09-18 13:07:12.488 [restartedMain] INFO  org.apache.catalina.core.StandardService - Starting service [Tomcat]
2021-09-18 13:07:12.488 [restartedMain] INFO  org.apache.catalina.core.StandardEngine - Starting Servlet engine: [Apache Tomcat/9.0.52]
2021-09-18 13:07:12.586 [restartedMain] INFO  o.a.c.core.ContainerBase.[Tomcat].[localhost].[/] - Initializing Spring embedded WebApplicationContext
2021-09-18 13:07:12.586 [restartedMain] INFO  o.s.b.w.s.c.ServletWebServerApplicationContext - Root WebApplicationContext: initialization completed in 1399 ms
2021-09-18 13:07:13.617 [restartedMain] INFO  s.d.s.w.PropertySourcedRequestMappingHandlerMapping - Mapped URL path [/v2/api-docs] onto method [springfox.documentation.swagger2.web.Swagger2Controller#getDocumentation(String, HttpServletRequest)]
2021-09-18 13:07:13.712 [restartedMain] INFO  o.s.b.d.autoconfigure.OptionalLiveReloadServer - LiveReload server is running on port 35729
2021-09-18 13:07:13.855 [restartedMain] INFO  org.apache.coyote.http11.Http11NioProtocol - Starting ProtocolHandler ["http-nio-8082"]
2021-09-18 13:07:13.868 [restartedMain] INFO  o.s.boot.web.embedded.tomcat.TomcatWebServer - Tomcat started on port(s): 8082 (http) with context path ''
2021-09-18 13:07:13.869 [restartedMain] INFO  s.d.s.web.plugins.DocumentationPluginsBootstrapper - Context refreshed
2021-09-18 13:07:13.881 [restartedMain] INFO  s.d.s.web.plugins.DocumentationPluginsBootstrapper - Found 1 custom documentation plugin(s)
2021-09-18 13:07:13.901 [restartedMain] INFO  s.d.spring.web.scanners.ApiListingReferenceScanner - Scanning for api listing references
2021-09-18 13:07:14.006 [restartedMain] INFO  com.yt.meituan.MeituanApplication - Started MeituanApplication in 3.313 seconds (JVM running for 4.008)
2021-09-18 13:07:16.526 [http-nio-8082-exec-1] INFO  o.a.c.core.ContainerBase.[Tomcat].[localhost].[/] - Initializing Spring DispatcherServlet 'dispatcherServlet'
2021-09-18 13:07:16.526 [http-nio-8082-exec-1] INFO  org.springframework.web.servlet.DispatcherServlet - Initializing Servlet 'dispatcherServlet'
2021-09-18 13:07:16.527 [http-nio-8082-exec-1] INFO  org.springframework.web.servlet.DispatcherServlet - Completed initialization in 1 ms
